[debug] [2023-01-24T09:39:02.123Z] ----------------------------------------------------------------------
[debug] [2023-01-24T09:39:02.125Z] Command:       C:\Program Files\nodejs\node.exe C:\Users\DELL\AppData\Roaming\npm\node_modules\firebase-tools\lib\bin\firebase.js init
[debug] [2023-01-24T09:39:02.126Z] CLI Version:   11.21.0
[debug] [2023-01-24T09:39:02.126Z] Platform:      win32
[debug] [2023-01-24T09:39:02.126Z] Node Version:  v18.12.1
[debug] [2023-01-24T09:39:02.127Z] Time:          Tue Jan 24 2023 14:39:02 GMT+0500 (Pakistan Standard Time)
[debug] [2023-01-24T09:39:02.127Z] ----------------------------------------------------------------------
[debug] 
[debug] [2023-01-24T09:39:02.136Z] > command requires scopes: ["email","openid","https://www.googleapis.com/auth/cloudplatformprojects.readonly","https://www.googleapis.com/auth/firebase","https://www.googleapis.com/auth/cloud-platform"]
[debug] [2023-01-24T09:39:02.137Z] > authorizing via signed-in user (manan.habib2312@gmail.com)
[info] 
     ######## #### ########  ######## ########     ###     ######  ########
     ##        ##  ##     ## ##       ##     ##  ##   ##  ##       ##
     ######    ##  ########  ######   ########  #########  ######  ######
     ##        ##  ##    ##  ##       ##     ## ##     ##       ## ##
     ##       #### ##     ## ######## ########  ##     ##  ######  ########

You're about to initialize a Firebase project in this directory:

  C:\Users\DELL\Desktop\New folder\React Course\React\Assignment\myapp

[info] 
=== Project Setup
[info] 
[info] First, let's associate this project directory with a Firebase project.
[info] You can create multiple project aliases by running firebase use --add, 
[info] but for now we'll just set up a default project.
[info] 
[info] i  If you want to create a project in a Google Cloud organization or folder, please use "firebase projects:create" instead, and return to this command when you've created the project. 
